[debug] [2021-05-16T01:15:13.422Z] ----------------------------------------------------------------------
[debug] [2021-05-16T01:15:13.424Z] Command:       C:\Program Files\nodejs\node.exe C:\Users\arkyy\AppData\Roaming\npm\node_modules\firebase-tools\lib\bin\firebase.js init
[debug] [2021-05-16T01:15:13.424Z] CLI Version:   9.10.2
[debug] [2021-05-16T01:15:13.424Z] Platform:      win32
[debug] [2021-05-16T01:15:13.425Z] Node Version:  v15.5.0
[debug] [2021-05-16T01:15:13.426Z] Time:          Sun May 16 2021 06:45:13 GMT+0530 (India Standard Time)
[debug] [2021-05-16T01:15:13.426Z] ----------------------------------------------------------------------
[debug] 
[debug] [2021-05-16T01:15:13.434Z] > command requires scopes: ["email","openid","https://www.googleapis.com/auth/cloudplatformprojects.readonly","https://www.googleapis.com/auth/firebase","https://www.googleapis.com/auth/cloud-platform"]
[debug] [2021-05-16T01:15:13.434Z] > authorizing via signed-in user (arkyyadav001@gmail.com)
[info] 
     ######## #### ########  ######## ########     ###     ######  ########
     ##        ##  ##     ## ##       ##     ##  ##   ##  ##       ##
     ######    ##  ########  ######   ########  #########  ######  ######
     ##        ##  ##    ##  ##       ##     ## ##     ##       ## ##
     ##       #### ##     ## ######## ########  ##     ##  ######  ########

You're about to initialize a Firebase project in this directory:

  D:\ReactProjectsQazi\covid19-tracker-app

Before we get started, keep in mind:

  * You are initializing in an existing Firebase project directory

[info] 
=== Project Setup
[info] 
[info] First, let's associate this project directory with a Firebase project.
[info] You can create multiple project aliases by running firebase use --add, 
[info] but for now we'll just set up a default project.
[info] 
[info] i  .firebaserc already has a default project, using covid-19-tracker-63961. 
[debug] [2021-05-16T01:15:23.208Z] >>> [apiv2][query] GET https://firebase.googleapis.com/v1beta1/projects/covid-19-tracker-63961 [none]
[debug] [2021-05-16T01:15:23.861Z] <<< [apiv2][status] GET https://firebase.googleapis.com/v1beta1/projects/covid-19-tracker-63961 200
[debug] [2021-05-16T01:15:23.861Z] <<< [apiv2][body] GET https://firebase.googleapis.com/v1beta1/projects/covid-19-tracker-63961 {"projectId":"covid-19-tracker-63961","projectNumber":"1039437793483","displayName":"Covid-19 Tracker","name":"projects/covid-19-tracker-63961","resources":{"hostingSite":"covid-19-tracker-63961"},"state":"ACTIVE"}
[info] 
=== Hosting Setup
[info] 
[info] Your public directory is the folder (relative to your project directory) that
[info] will contain Hosting assets to be uploaded with firebase deploy. If you
[info] have a build process for your assets, use your build's output directory.
[info] 
